[2024-12-24 10:44:55 +0000] [106453] [INFO] Shutting down
[2024-12-24 10:44:55 +0000] [106453] [INFO] Waiting for application shutdown.
[2024-12-24 10:44:55 +0000] [106453] [INFO] Application shutdown complete.
[2024-12-24 10:44:55 +0000] [106453] [INFO] Finished server process [106453]
[2024-12-24 10:44:55 +0000] [106453] [INFO] Worker exiting (pid: 106453)
[2024-12-24 10:44:56 +0000] [114622] [INFO] Booting worker with pid: 114622
[2024-12-24 10:44:57 +0000] [114622] [INFO] Started server process [114622]
[2024-12-24 10:44:57 +0000] [114622] [INFO] Waiting for application startup.
[2024-12-24 10:44:57 +0000] [114622] [INFO] Application startup complete.
[2024-12-24 10:50:00 +0000] [114622] [INFO] Shutting down
[2024-12-24 10:50:00 +0000] [114622] [INFO] Waiting for application shutdown.
[2024-12-24 10:50:00 +0000] [114622] [INFO] Application shutdown complete.
[2024-12-24 10:50:00 +0000] [114622] [INFO] Finished server process [114622]
[2024-12-24 10:50:00 +0000] [114622] [INFO] Worker exiting (pid: 114622)
[2024-12-24 10:50:01 +0000] [114634] [INFO] Booting worker with pid: 114634
[2024-12-24 10:50:03 +0000] [114634] [INFO] Started server process [114634]
[2024-12-24 10:50:03 +0000] [114634] [INFO] Waiting for application startup.
[2024-12-24 10:50:03 +0000] [114634] [INFO] Application startup complete.
[2024-12-24 10:50:12 +0000] [106451] [INFO] Shutting down
[2024-12-24 10:50:12 +0000] [106451] [INFO] Waiting for application shutdown.
[2024-12-24 10:50:12 +0000] [106451] [INFO] Application shutdown complete.
[2024-12-24 10:50:12 +0000] [106451] [INFO] Finished server process [106451]
[2024-12-24 10:50:12 +0000] [106451] [INFO] Worker exiting (pid: 106451)
[2024-12-24 10:50:13 +0000] [114637] [INFO] Booting worker with pid: 114637
[2024-12-24 10:50:14 +0000] [114637] [INFO] Started server process [114637]
[2024-12-24 10:50:14 +0000] [114637] [INFO] Waiting for application startup.
[2024-12-24 10:50:14 +0000] [114637] [INFO] Application startup complete.
[2024-12-24 10:50:33 +0000] [110887] [INFO] Shutting down
[2024-12-24 10:50:33 +0000] [110887] [INFO] Waiting for application shutdown.
[2024-12-24 10:50:33 +0000] [110887] [INFO] Application shutdown complete.
[2024-12-24 10:50:33 +0000] [110887] [INFO] Finished server process [110887]
[2024-12-24 10:50:33 +0000] [110887] [INFO] Worker exiting (pid: 110887)
[2024-12-24 10:50:34 +0000] [114639] [INFO] Booting worker with pid: 114639
[2024-12-24 10:50:35 +0000] [114639] [INFO] Started server process [114639]
[2024-12-24 10:50:35 +0000] [114639] [INFO] Waiting for application startup.
[2024-12-24 10:50:35 +0000] [114639] [INFO] Application startup complete.
[2024-12-24 10:56:11 +0000] [114639] [INFO] Shutting down
[2024-12-24 10:56:11 +0000] [114639] [INFO] Waiting for application shutdown.
[2024-12-24 10:56:11 +0000] [114639] [INFO] Application shutdown complete.
[2024-12-24 10:56:11 +0000] [114639] [INFO] Finished server process [114639]
[2024-12-24 10:56:11 +0000] [114639] [INFO] Worker exiting (pid: 114639)
[2024-12-24 10:56:11 +0000] [114646] [INFO] Booting worker with pid: 114646
[2024-12-24 10:56:12 +0000] [114646] [INFO] Started server process [114646]
[2024-12-24 10:56:12 +0000] [114646] [INFO] Waiting for application startup.
[2024-12-24 10:56:12 +0000] [114646] [INFO] Application startup complete.
[2024-12-24 10:58:15 +0000] [114637] [INFO] Shutting down
[2024-12-24 10:58:15 +0000] [114637] [INFO] Waiting for application shutdown.
[2024-12-24 10:58:15 +0000] [114637] [INFO] Application shutdown complete.
[2024-12-24 10:58:15 +0000] [114637] [INFO] Finished server process [114637]
[2024-12-24 10:58:15 +0000] [114637] [INFO] Worker exiting (pid: 114637)
[2024-12-24 10:58:15 +0000] [114655] [INFO] Booting worker with pid: 114655
[2024-12-24 10:58:17 +0000] [114655] [INFO] Started server process [114655]
[2024-12-24 10:58:17 +0000] [114655] [INFO] Waiting for application startup.
[2024-12-24 10:58:17 +0000] [114655] [INFO] Application startup complete.
[2024-12-25 07:29:18 +0000] [114646] [INFO] Shutting down
[2024-12-25 07:29:18 +0000] [114646] [INFO] Waiting for application shutdown.
[2024-12-25 07:29:18 +0000] [114646] [INFO] Application shutdown complete.
[2024-12-25 07:29:18 +0000] [114646] [INFO] Finished server process [114646]
[2024-12-25 07:29:18 +0000] [114646] [INFO] Worker exiting (pid: 114646)
[2024-12-25 07:29:18 +0000] [118122] [INFO] Booting worker with pid: 118122
[2024-12-25 07:29:19 +0000] [118122] [INFO] Started server process [118122]
[2024-12-25 07:29:19 +0000] [118122] [INFO] Waiting for application startup.
[2024-12-25 07:29:19 +0000] [118122] [INFO] Application startup complete.
[2024-12-25 20:28:52 +0000] [114655] [INFO] Shutting down
[2024-12-25 20:28:52 +0000] [114655] [INFO] Waiting for application shutdown.
[2024-12-25 20:28:52 +0000] [114655] [INFO] Application shutdown complete.
[2024-12-25 20:28:52 +0000] [114655] [INFO] Finished server process [114655]
[2024-12-25 20:28:52 +0000] [114655] [INFO] Worker exiting (pid: 114655)
[2024-12-25 20:28:52 +0000] [119816] [INFO] Booting worker with pid: 119816
[2024-12-25 20:28:54 +0000] [119816] [INFO] Started server process [119816]
[2024-12-25 20:28:54 +0000] [119816] [INFO] Waiting for application startup.
[2024-12-25 20:28:54 +0000] [119816] [INFO] Application startup complete.
[2024-12-25 20:29:33 +0000] [114634] [INFO] Shutting down
[2024-12-25 20:29:34 +0000] [114634] [INFO] Waiting for application shutdown.
[2024-12-25 20:29:34 +0000] [114634] [INFO] Application shutdown complete.
[2024-12-25 20:29:34 +0000] [114634] [INFO] Finished server process [114634]
[2024-12-25 20:29:34 +0000] [114634] [INFO] Worker exiting (pid: 114634)
[2024-12-25 20:29:34 +0000] [119819] [INFO] Booting worker with pid: 119819
[2024-12-25 20:29:36 +0000] [119819] [INFO] Started server process [119819]
[2024-12-25 20:29:36 +0000] [119819] [INFO] Waiting for application startup.
[2024-12-25 20:29:36 +0000] [119819] [INFO] Application startup complete.
[2024-12-25 20:37:07 +0000] [119819] [INFO] Shutting down
[2024-12-25 20:37:07 +0000] [119819] [INFO] Waiting for application shutdown.
[2024-12-25 20:37:07 +0000] [119819] [INFO] Application shutdown complete.
[2024-12-25 20:37:07 +0000] [119819] [INFO] Finished server process [119819]
[2024-12-25 20:37:07 +0000] [119819] [INFO] Worker exiting (pid: 119819)
[2024-12-25 20:37:07 +0000] [119830] [INFO] Booting worker with pid: 119830
[2024-12-25 20:37:09 +0000] [119830] [INFO] Started server process [119830]
[2024-12-25 20:37:09 +0000] [119830] [INFO] Waiting for application startup.
[2024-12-25 20:37:09 +0000] [119830] [INFO] Application startup complete.
[2024-12-25 20:39:23 +0000] [119816] [INFO] Shutting down
[2024-12-25 20:39:23 +0000] [119816] [INFO] Waiting for application shutdown.
[2024-12-25 20:39:23 +0000] [119816] [INFO] Application shutdown complete.
[2024-12-25 20:39:23 +0000] [119816] [INFO] Finished server process [119816]
[2024-12-25 20:39:23 +0000] [119816] [INFO] Worker exiting (pid: 119816)
[2024-12-25 20:39:24 +0000] [119835] [INFO] Booting worker with pid: 119835
[2024-12-25 20:39:25 +0000] [119835] [INFO] Started server process [119835]
[2024-12-25 20:39:25 +0000] [119835] [INFO] Waiting for application startup.
[2024-12-25 20:39:25 +0000] [119835] [INFO] Application startup complete.
[2024-12-25 20:40:07 +0000] [118122] [INFO] Shutting down
[2024-12-25 20:40:07 +0000] [118122] [INFO] Waiting for application shutdown.
[2024-12-25 20:40:07 +0000] [118122] [INFO] Application shutdown complete.
[2024-12-25 20:40:07 +0000] [118122] [INFO] Finished server process [118122]
[2024-12-25 20:40:07 +0000] [118122] [INFO] Worker exiting (pid: 118122)
[2024-12-25 20:40:08 +0000] [119842] [INFO] Booting worker with pid: 119842
[2024-12-25 20:40:09 +0000] [119842] [INFO] Started server process [119842]
[2024-12-25 20:40:09 +0000] [119842] [INFO] Waiting for application startup.
[2024-12-25 20:40:09 +0000] [119842] [INFO] Application startup complete.
[2024-12-25 20:46:41 +0000] [119842] [INFO] Shutting down
[2024-12-25 20:46:41 +0000] [119842] [INFO] Waiting for application shutdown.
[2024-12-25 20:46:41 +0000] [119842] [INFO] Application shutdown complete.
[2024-12-25 20:46:41 +0000] [119842] [INFO] Finished server process [119842]
[2024-12-25 20:46:41 +0000] [119842] [INFO] Worker exiting (pid: 119842)
[2024-12-25 20:46:41 +0000] [119855] [INFO] Booting worker with pid: 119855
[2024-12-25 20:46:43 +0000] [119855] [INFO] Started server process [119855]
[2024-12-25 20:46:43 +0000] [119855] [INFO] Waiting for application startup.
[2024-12-25 20:46:43 +0000] [119855] [INFO] Application startup complete.
[2024-12-25 20:49:36 +0000] [119835] [INFO] Shutting down
[2024-12-25 20:49:36 +0000] [119835] [INFO] Waiting for application shutdown.
[2024-12-25 20:49:36 +0000] [119835] [INFO] Application shutdown complete.
[2024-12-25 20:49:36 +0000] [119835] [INFO] Finished server process [119835]
[2024-12-25 20:49:36 +0000] [119835] [INFO] Worker exiting (pid: 119835)
[2024-12-25 20:49:37 +0000] [119860] [INFO] Booting worker with pid: 119860
[2024-12-25 20:49:38 +0000] [119860] [INFO] Started server process [119860]
[2024-12-25 20:49:38 +0000] [119860] [INFO] Waiting for application startup.
[2024-12-25 20:49:38 +0000] [119860] [INFO] Application startup complete.
